<?xml version="1.0" encoding="UTF-8"?>
<testsuite xmlns:xsi="http://www.w3.org/2001/XMLSchema-instance" xsi:noNamespaceSchemaLocation="https://maven.apache.org/surefire/maven-surefire-plugin/xsd/surefire-test-report-3.0.xsd" version="3.0" name="com.example.ex6.E6ApplicationTests" time="1.999" tests="1" errors="0" skipped="0" failures="0">
  <properties>
[...]
</properties>
  <testcase name="contextLoads" classname="com.example.ex6.E6ApplicationTests" time="0.542">
    <system-out><![CDATA[11:40:04.207 [main] INFO org.springframework.test.context.support.AnnotationConfigContextLoaderUtils -- Could not detect default configuration classes for test class [com.example.ex6.E6ApplicationTests]: E6ApplicationTests does not declare any static, non-private, non-final, nested classes annotated with @Configuration.
11:40:04.271 [main] INFO org.springframework.boot.test.context.SpringBootTestContextBootstrapper -- Found @SpringBootConfiguration com.example.ex6.Ex6Application for test class com.example.ex6.E6ApplicationTests

  .   ____          _            __ _ _
 /\\ / ___'_ __ _ _(_)_ __  __ _ \ \ \ \
( ( )\___ | '_ | '_| | '_ \/ _` | \ \ \ \
 \\/  ___)| |_)| | | | | || (_| |  ) ) ) )
  '  |____| .__|_| |_|_| |_\__, | / / / /
 =========|_|==============|___/=/_/_/_/
 :: Spring Boot ::                (v3.2.3)

2025-04-11T11:40:04.511+02:00  INFO 11364 --- [           main] com.example.ex6.E6ApplicationTests       : Starting E6ApplicationTests using Java 17.0.12 with PID 11364 (started by KayaE01 in D:\133_Elif\133-main\133\API_Gateway)
2025-04-11T11:40:04.513+02:00  INFO 11364 --- [           main] com.example.ex6.E6ApplicationTests       : No active profile set, falling back to 1 default profile: "default"
2025-04-11T11:40:05.550+02:00  INFO 11364 --- [           main] com.example.ex6.E6ApplicationTests       : Started E6ApplicationTests in 1.181 seconds (process running for 1.769)
]]></system-out>
  </testcase>
</testsuite>