<?xml version="1.0" encoding="UTF-8"?>
<testsuite xmlns:xsi="http://www.w3.org/2001/XMLSchema-instance" xsi:noNamespaceSchemaLocation="https://maven.apache.org/surefire/maven-surefire-plugin/xsd/surefire-test-report-3.0.xsd" version="3.0" name="com.example.ex6.E6ApplicationTests" time="3.736" tests="1" errors="0" skipped="0" failures="0">
  <properties>
[...]
</properties>
  <testcase name="contextLoads" classname="com.example.ex6.E6ApplicationTests" time="0.379">
    <system-out><![CDATA[11:06:33.906 [main] INFO org.springframework.test.context.support.AnnotationConfigContextLoaderUtils -- Could not detect default configuration classes for test class [com.example.ex6.E6ApplicationTests]: E6ApplicationTests does not declare any static, non-private, non-final, nested classes annotated with @Configuration.
11:06:33.974 [main] INFO org.springframework.boot.test.context.SpringBootTestContextBootstrapper -- Found @SpringBootConfiguration com.example.ex6.Ex6Application for test class com.example.ex6.E6ApplicationTests

  .   ____          _            __ _ _
 /\\ / ___'_ __ _ _(_)_ __  __ _ \ \ \ \
( ( )\___ | '_ | '_| | '_ \/ _` | \ \ \ \
 \\/  ___)| |_)| | | | | || (_| |  ) ) ) )
  '  |____| .__|_| |_|_| |_\__, | / / / /
 =========|_|==============|___/=/_/_/_/
 :: Spring Boot ::                (v3.2.3)

2025-04-11T11:06:34.280+02:00  INFO 43384 --- [ex6] [           main] com.example.ex6.E6ApplicationTests       : Starting E6ApplicationTests using Java 17.0.7 with PID 43384 (started by AlsawafM01 in D:\133_Mazen\133_API_REST_Client\133\API_REST_Admin)
2025-04-11T11:06:34.285+02:00  INFO 43384 --- [ex6] [           main] com.example.ex6.E6ApplicationTests       : No active profile set, falling back to 1 default profile: "default"
2025-04-11T11:06:34.777+02:00  INFO 43384 --- [ex6] [           main] .s.d.r.c.RepositoryConfigurationDelegate : Bootstrapping Spring Data JPA repositories in DEFAULT mode.
2025-04-11T11:06:34.827+02:00  INFO 43384 --- [ex6] [           main] .s.d.r.c.RepositoryConfigurationDelegate : Finished Spring Data repository scanning in 39 ms. Found 1 JPA repository interface.
2025-04-11T11:06:35.230+02:00  INFO 43384 --- [ex6] [           main] o.hibernate.jpa.internal.util.LogHelper  : HHH000204: Processing PersistenceUnitInfo [name: default]
2025-04-11T11:06:35.278+02:00  INFO 43384 --- [ex6] [           main] org.hibernate.Version                    : HHH000412: Hibernate ORM core version 6.4.4.Final
2025-04-11T11:06:35.294+02:00  INFO 43384 --- [ex6] [           main] o.h.c.internal.RegionFactoryInitiator    : HHH000026: Second-level cache disabled
2025-04-11T11:06:35.477+02:00  INFO 43384 --- [ex6] [           main] o.s.o.j.p.SpringPersistenceUnitInfo      : No LoadTimeWeaver setup: ignoring JPA class transformer
2025-04-11T11:06:35.492+02:00  INFO 43384 --- [ex6] [           main] com.zaxxer.hikari.HikariDataSource       : HikariPool-1 - Starting...
2025-04-11T11:06:35.715+02:00  INFO 43384 --- [ex6] [           main] com.zaxxer.hikari.pool.HikariPool        : HikariPool-1 - Added connection com.mysql.cj.jdbc.ConnectionImpl@acb5508
2025-04-11T11:06:35.716+02:00  INFO 43384 --- [ex6] [           main] com.zaxxer.hikari.HikariDataSource       : HikariPool-1 - Start completed.
2025-04-11T11:06:36.305+02:00  INFO 43384 --- [ex6] [           main] o.h.e.t.j.p.i.JtaPlatformInitiator       : HHH000489: No JTA platform available (set 'hibernate.transaction.jta.platform' to enable JTA platform integration)
2025-04-11T11:06:36.341+02:00  INFO 43384 --- [ex6] [           main] j.LocalContainerEntityManagerFactoryBean : Initialized JPA EntityManagerFactory for persistence unit 'default'
2025-04-11T11:06:36.806+02:00  WARN 43384 --- [ex6] [           main] JpaBaseConfiguration$JpaWebConfiguration : spring.jpa.open-in-view is enabled by default. Therefore, database queries may be performed during view rendering. Explicitly configure spring.jpa.open-in-view to disable this warning
2025-04-11T11:06:37.141+02:00  INFO 43384 --- [ex6] [           main] com.example.ex6.E6ApplicationTests       : Started E6ApplicationTests in 3.056 seconds (process running for 3.695)
]]></system-out>
  </testcase>
</testsuite>